{
  "RSpec": {
    "coverage": {
      "/Users/florencehapgood/Desktop/Projects/Bank_test/spec/account_spec.rb": [
        1,
        null,
        1,
        null,
        3,
        3,
        3,
        null,
        1,
        null,
        1,
        1,
        1,
        null,
        null,
        null,
        1,
        1,
        1,
        1,
        null,
        null,
        null
      ],
      "/Users/florencehapgood/Desktop/Projects/Bank_test/lib/account.rb": [
        1,
        1,
        1,
        null,
        1,
        1,
        null,
        1,
        3,
        3,
        3,
        3,
        null,
        null,
        1,
        3,
        3,
        null,
        null,
        1,
        2,
        2,
        null,
        null,
        null,
        null,
        1,
        1,
        3,
        null,
        null,
        1,
        null,
        1,
        3,
        null,
        null,
        1,
        2,
        null,
        null,
        null
      ],
      "/Users/florencehapgood/Desktop/Projects/Bank_test/lib/money_in.rb": [
        1,
        null,
        1,
        null,
        1,
        null,
        1,
        3,
        null,
        null,
        null
      ],
      "/Users/florencehapgood/Desktop/Projects/Bank_test/lib/money_out.rb": [
        1,
        null,
        1,
        null,
        1,
        2,
        null,
        null,
        null
      ],
      "/Users/florencehapgood/Desktop/Projects/Bank_test/lib/printer.rb": [
        null,
        1,
        null,
        1,
        null,
        1,
        4,
        null,
        null,
        1,
        4,
        4,
        4,
        7,
        null,
        null,
        null,
        1,
        null,
        1,
        4,
        null,
        null,
        null
      ],
      "/Users/florencehapgood/Desktop/Projects/Bank_test/spec/features/user_can_use_account_spec.rb": [
        1,
        1,
        1,
        null,
        1,
        1,
        1,
        1,
        1,
        1,
        1,
        1,
        1,
        2,
        null,
        null
      ],
      "/Users/florencehapgood/Desktop/Projects/Bank_test/spec/money_in_spec.rb": [
        1,
        1,
        null,
        1,
        null,
        1,
        null,
        1,
        1,
        1,
        null,
        null,
        null
      ],
      "/Users/florencehapgood/Desktop/Projects/Bank_test/spec/money_out_spec.rb": [
        1,
        null,
        1,
        1,
        1,
        1,
        1,
        null,
        null,
        null
      ],
      "/Users/florencehapgood/Desktop/Projects/Bank_test/spec/printer_spec.rb": [
        1,
        null,
        1,
        1,
        1,
        1,
        2,
        null,
        null,
        1,
        1,
        2,
        null,
        null,
        1,
        1,
        2,
        null,
        null,
        null,
        null
      ]
    },
    "timestamp": 1541462400
  }
}
